<?xml version="1.0" encoding="UTF-8"?>
<testrun name="TestSellerAction" project="esiea_bid" tests="15" started="15" failures="1" errors="0" ignored="0">
  <testsuite name="test.TestSellerAction" time="0.001">
    <testcase name="testShowBuyerOfferEmptyList" classname="test.TestSellerAction" time="0.0"/>
    <testcase name="testBidCreationNegativePrice" classname="test.TestSellerAction" time="0.0"/>
    <testcase name="testBidCancelBadUser" classname="test.TestSellerAction" time="0.0"/>
    <testcase name="testDisplaySellerBidSuccess" classname="test.TestSellerAction" time="0.0"/>
    <testcase name="testBidCancelReservePriceReached" classname="test.TestSellerAction" time="0.0"/>
    <testcase name="testBidCancelReservePriceNotReached" classname="test.TestSellerAction" time="0.0"/>
    <testcase name="testShowBuyerOfferSuccess" classname="test.TestSellerAction" time="0.001"/>
    <testcase name="testDisplaySellerBidEmptyList" classname="test.TestSellerAction" time="0.0"/>
    <testcase name="testBidCreationNegativeReservePrice" classname="test.TestSellerAction" time="0.0"/>
    <testcase name="testDisplaySellerBidBadUser" classname="test.TestSellerAction" time="0.0"/>
    <testcase name="testBidCreationBadDate" classname="test.TestSellerAction" time="0.0">
      <failure>java.lang.AssertionError
	at org.junit.Assert.fail(Assert.java:86)
	at org.junit.Assert.assertTrue(Assert.java:41)
	at org.junit.Assert.assertTrue(Assert.java:52)
	at test.TestSellerAction.testBidCreationBadDate(TestSellerAction.java:81)
	at sun.reflect.NativeMethodAccessorImpl.invoke0(Native Method)
	at sun.reflect.NativeMethodAccessorImpl.invoke(NativeMethodAccessorImpl.java:39)
	at sun.reflect.DelegatingMethodAccessorImpl.invoke(DelegatingMethodAccessorImpl.java:25)
	at java.lang.reflect.Method.invoke(Method.java:597)
	at org.junit.runners.model.FrameworkMethod$1.runReflectiveCall(FrameworkMethod.java:47)
	at org.junit.internal.runners.model.ReflectiveCallable.run(ReflectiveCallable.java:12)
	at org.junit.runners.model.FrameworkMethod.invokeExplosively(FrameworkMethod.java:44)
	at org.junit.internal.runners.statements.InvokeMethod.evaluate(InvokeMethod.java:17)
	at org.junit.internal.runners.statements.RunBefores.evaluate(RunBefores.java:26)
	at org.junit.runners.ParentRunner.runLeaf(ParentRunner.java:271)
	at org.junit.runners.BlockJUnit4ClassRunner.runChild(BlockJUnit4ClassRunner.java:70)
	at org.junit.runners.BlockJUnit4ClassRunner.runChild(BlockJUnit4ClassRunner.java:50)
	at org.junit.runners.ParentRunner$3.run(ParentRunner.java:238)
	at org.junit.runners.ParentRunner$1.schedule(ParentRunner.java:63)
	at org.junit.runners.ParentRunner.runChildren(ParentRunner.java:236)
	at org.junit.runners.ParentRunner.access$000(ParentRunner.java:53)
	at org.junit.runners.ParentRunner$2.evaluate(ParentRunner.java:229)
	at org.junit.runners.ParentRunner.run(ParentRunner.java:309)
	at org.eclipse.jdt.internal.junit4.runner.JUnit4TestReference.run(JUnit4TestReference.java:50)
	at org.eclipse.jdt.internal.junit.runner.TestExecution.run(TestExecution.java:38)
	at org.eclipse.jdt.internal.junit.runner.RemoteTestRunner.runTests(RemoteTestRunner.java:467)
	at org.eclipse.jdt.internal.junit.runner.RemoteTestRunner.runTests(RemoteTestRunner.java:683)
	at org.eclipse.jdt.internal.junit.runner.RemoteTestRunner.run(RemoteTestRunner.java:390)
	at org.eclipse.jdt.internal.junit.runner.RemoteTestRunner.main(RemoteTestRunner.java:197)

</failure>
    </testcase>
    <testcase name="testBidPublish" classname="test.TestSellerAction" time="0.0"/>
    <testcase name="testShowBuyerOfferBadUser" classname="test.TestSellerAction" time="0.0"/>
    <testcase name="testSucessBidCreation" classname="test.TestSellerAction" time="0.0"/>
    <testcase name="testBidCreationBadReservePrice" classname="test.TestSellerAction" time="0.0"/>
  </testsuite>
</testrun>
